<?xml version="1.0" encoding="UTF-8"?>
<testng-results ignored="0" total="2" passed="2" failed="0" skipped="0">
  <reporter-output>
  </reporter-output>
  <suite started-at="2022-11-19T18:10:42 CET" name="Default suite" finished-at="2022-11-19T18:11:40 CET" duration-ms="58077">
    <groups>
    </groups>
    <test started-at="2022-11-19T18:10:42 CET" name="Default test" finished-at="2022-11-19T18:11:40 CET" duration-ms="58077">
      <class name="TestPackage.AutomationPractice">
        <test-method is-config="true" signature="setup()[pri:0, instance:TestPackage.AutomationPractice@16a0ee18]" started-at="2022-11-19T18:10:42 CET" name="setup" finished-at="2022-11-19T18:10:58 CET" duration-ms="16110" status="PASS">
          <reporter-output>
          </reporter-output>
        </test-method> <!-- setup -->
        <test-method signature="testcase1()[pri:0, instance:TestPackage.AutomationPractice@16a0ee18]" started-at="2022-11-19T18:10:58 CET" name="testcase1" finished-at="2022-11-19T18:11:07 CET" duration-ms="8978" status="PASS">
          <reporter-output>
          </reporter-output>
        </test-method> <!-- testcase1 -->
        <test-method is-config="true" signature="finish()[pri:0, instance:TestPackage.AutomationPractice@16a0ee18]" started-at="2022-11-19T18:11:07 CET" name="finish" finished-at="2022-11-19T18:11:09 CET" duration-ms="1967" status="PASS">
          <reporter-output>
          </reporter-output>
        </test-method> <!-- finish -->
        <test-method is-config="true" signature="setup()[pri:0, instance:TestPackage.AutomationPractice@16a0ee18]" started-at="2022-11-19T18:11:09 CET" name="setup" finished-at="2022-11-19T18:11:22 CET" duration-ms="12502" status="PASS">
          <reporter-output>
          </reporter-output>
        </test-method> <!-- setup -->
        <test-method signature="testcase2()[pri:0, instance:TestPackage.AutomationPractice@16a0ee18]" started-at="2022-11-19T18:11:22 CET" name="testcase2" finished-at="2022-11-19T18:11:37 CET" duration-ms="15499" status="PASS">
          <reporter-output>
          </reporter-output>
        </test-method> <!-- testcase2 -->
        <test-method is-config="true" signature="finish()[pri:0, instance:TestPackage.AutomationPractice@16a0ee18]" started-at="2022-11-19T18:11:37 CET" name="finish" finished-at="2022-11-19T18:11:40 CET" duration-ms="2867" status="PASS">
          <reporter-output>
          </reporter-output>
        </test-method> <!-- finish -->
      </class> <!-- TestPackage.AutomationPractice -->
    </test> <!-- Default test -->
  </suite> <!-- Default suite -->
</testng-results>
