<?xml version="1.0" encoding="UTF-8"?>
<!-- Generated by org.testng.reporters.JUnitXMLReporter -->
<testsuite ignored="0" hostname="DESKTOP-G9DFIBJ" failures="0" tests="4" name="Sauce demo" time="23.934" errors="0" timestamp="2022-11-12T17:17:47 CET">
  <testcase classname="TestPackage.TestCases360" name="testcase1" time="5.356"/>
  <testcase classname="TestPackage.TestCases360" name="testcase2" time="7.714"/>
  <testcase classname="TestPackage.day1" name="Demo" time="0.011"/>
  <testcase classname="TestPackage.day1" name="SecondTest" time="0.004"/>
</testsuite> <!-- Sauce demo -->
